<?xml version="1.0" encoding="UTF-8"?>
<testng-results ignored="0" total="4" passed="4" failed="0" skipped="0">
  <reporter-output>
  </reporter-output>
  <suite started-at="2025-02-12T10:43:26 IST" name="Default suite" finished-at="2025-02-12T10:43:44 IST" duration-ms="17289">
    <groups>
    </groups>
    <test started-at="2025-02-12T10:43:26 IST" name="Default test" finished-at="2025-02-12T10:43:44 IST" duration-ms="17289">
      <class name="com.qa.grocery.Test01">
        <test-method signature="method()[pri:0, instance:com.qa.grocery.Test01@35841320]" started-at="2025-02-12T10:43:26 IST" name="method" finished-at="2025-02-12T10:43:29 IST" duration-ms="2982" status="PASS">
          <reporter-output>
          </reporter-output>
        </test-method> <!-- method -->
        <test-method signature="method1()[pri:0, instance:com.qa.grocery.Test01@35841320]" started-at="2025-02-12T10:43:29 IST" name="method1" finished-at="2025-02-12T10:43:37 IST" duration-ms="7775" status="PASS">
          <reporter-output>
          </reporter-output>
        </test-method> <!-- method1 -->
        <test-method signature="method2()[pri:0, instance:com.qa.grocery.Test01@35841320]" started-at="2025-02-12T10:43:37 IST" name="method2" finished-at="2025-02-12T10:43:42 IST" duration-ms="5167" status="PASS">
          <reporter-output>
          </reporter-output>
        </test-method> <!-- method2 -->
        <test-method signature="method3()[pri:0, instance:com.qa.grocery.Test01@35841320]" started-at="2025-02-12T10:43:42 IST" name="method3" finished-at="2025-02-12T10:43:44 IST" duration-ms="1319" status="PASS">
          <reporter-output>
          </reporter-output>
        </test-method> <!-- method3 -->
      </class> <!-- com.qa.grocery.Test01 -->
    </test> <!-- Default test -->
  </suite> <!-- Default suite -->
</testng-results>
